<?xml version="1.0" encoding="UTF-8"?>
<testng-results ignored="0" total="1" passed="1" failed="0" skipped="0">
  <reporter-output>
  </reporter-output>
  <suite started-at="2025-01-16T20:01:26 IST" name="Default suite" finished-at="2025-01-16T20:01:28 IST" duration-ms="1376">
    <groups>
    </groups>
    <test started-at="2025-01-16T20:01:26 IST" name="Default test" finished-at="2025-01-16T20:01:28 IST" duration-ms="1376">
      <class name="GoogleAddPlaceAPiSerialization">
        <test-method signature="addPlace()[pri:0, instance:GoogleAddPlaceAPiSerialization@71b1176b]" started-at="2025-01-16T20:01:26 IST" name="addPlace" finished-at="2025-01-16T20:01:28 IST" duration-ms="1360" status="PASS">
          <reporter-output>
          </reporter-output>
        </test-method> <!-- addPlace -->
      </class> <!-- GoogleAddPlaceAPiSerialization -->
    </test> <!-- Default test -->
  </suite> <!-- Default suite -->
</testng-results>
